\BOOKMARK [0][-]{section*.1}{Contents}{}% 1
\BOOKMARK [0][-]{section*.2}{List of Figures}{}% 2
\BOOKMARK [0][-]{section*.3}{List of Tables}{}% 3
\BOOKMARK [-1][-]{section*.3}{Memory}{}% 4
\BOOKMARK [0][-]{chapter*.6}{1. Introduction}{section*.3}% 5
\BOOKMARK [0][-]{chapter*.7}{2. Project objectives}{section*.3}% 6
\BOOKMARK [0][-]{chapter*.8}{3. Theorical concepts}{section*.3}% 7
\BOOKMARK [1][-]{section.3.1}{Sections}{chapter*.8}% 8
\BOOKMARK [1][-]{section.3.2}{References}{chapter*.8}% 9
\BOOKMARK [1][-]{section.3.3}{Images}{chapter*.8}% 10
\BOOKMARK [1][-]{section.3.4}{Lists}{chapter*.8}% 11
\BOOKMARK [1][-]{section.3.5}{Tables}{chapter*.8}% 12
\BOOKMARK [0][-]{chapter*.11}{4. Techniques and tools}{section*.3}% 13
\BOOKMARK [0][-]{chapter*.12}{5. Relevant aspects of the project}{section*.3}% 14
\BOOKMARK [0][-]{chapter*.13}{6. Related works}{section*.3}% 15
\BOOKMARK [0][-]{chapter*.14}{7. Conclusions and future work lines}{section*.3}% 16
\BOOKMARK [-1][-]{chapter*.14}{Appendix}{}% 17
\BOOKMARK [0][-]{appendix.A}{Project Plan}{chapter*.14}% 18
\BOOKMARK [1][-]{section.A.1}{Introduction}{appendix.A}% 19
\BOOKMARK [1][-]{section.A.2}{Temporary planning}{appendix.A}% 20
\BOOKMARK [1][-]{section.A.3}{Feasibility study}{appendix.A}% 21
\BOOKMARK [0][-]{appendix.B}{Requirements}{chapter*.14}% 22
\BOOKMARK [1][-]{section.B.1}{Introduction}{appendix.B}% 23
\BOOKMARK [1][-]{section.B.2}{General objectives}{appendix.B}% 24
\BOOKMARK [1][-]{section.B.3}{Catalog of requirements}{appendix.B}% 25
\BOOKMARK [1][-]{section.B.4}{Requirements specification}{appendix.B}% 26
\BOOKMARK [0][-]{appendix.C}{Design specification}{chapter*.14}% 27
\BOOKMARK [1][-]{section.C.1}{Introduction}{appendix.C}% 28
\BOOKMARK [1][-]{section.C.2}{Data design}{appendix.C}% 29
\BOOKMARK [1][-]{section.C.3}{Procedural design}{appendix.C}% 30
\BOOKMARK [1][-]{section.C.4}{Architectural design}{appendix.C}% 31
\BOOKMARK [0][-]{appendix.D}{Programming technical documentation}{chapter*.14}% 32
\BOOKMARK [1][-]{section.D.1}{Introduction}{appendix.D}% 33
\BOOKMARK [1][-]{section.D.2}{Directory structure}{appendix.D}% 34
\BOOKMARK [1][-]{section.D.3}{Programmer's guide}{appendix.D}% 35
\BOOKMARK [1][-]{section.D.4}{Compilation, installation and execution of the project}{appendix.D}% 36
\BOOKMARK [1][-]{section.D.5}{System tests}{appendix.D}% 37
\BOOKMARK [0][-]{appendix.E}{User documentation}{chapter*.14}% 38
\BOOKMARK [1][-]{section.E.1}{Introduction}{appendix.E}% 39
\BOOKMARK [1][-]{section.E.2}{User requirements}{appendix.E}% 40
\BOOKMARK [1][-]{section.E.3}{Installation}{appendix.E}% 41
\BOOKMARK [1][-]{section.E.4}{User's manual}{appendix.E}% 42
